[Mon 09/08/2025  6:55:47.56] Build session started 
[Mon 09/08/2025  6:55:47.56] Platform: Windows Batch Script 
[Mon 09/08/2025  6:55:47.56] Working Directory: D:\Downloads\loreweaver-main 
 
[Mon 09/08/2025  6:56:04.25] Starting build process 
[Mon 09/08/2025  6:56:04.25] Selected platforms: 1 
[Mon 09/08/2025  6:56:07.42] Executing: npm install 
[Mon 09/08/2025  6:56:07.42] Description: Installing dependencies 
The system cannot find the batch label specified - run_command
The process cannot access the file because it is being used by another process.
The process cannot access the file because it is being used by another process.
The system cannot find the batch label specified - show_option
The system cannot find the batch label specified - show_option
The system cannot find the batch label specified - show_option
The system cannot find the batch label specified - show_option
The process cannot access the file because it is being used by another process.
The process cannot access the file because it is being used by another process.
The process cannot access the file because it is being used by another process.
The process cannot access the file because it is being used by another process.
The process cannot access the file because it is being used by another process.
The process cannot access the file because it is being used by another process.
The process cannot access the file because it is being used by another process.
