[Mon 09/08/2025 18:33:31.66] Build session started 
[Mon 09/08/2025 18:33:31.66] Platform: Windows Batch Script 
[Mon 09/08/2025 18:33:31.66] Working Directory: D:\Downloads\loreweaver-main\scripts 
 
[Mon 09/08/2025 18:33:41.72] Starting build process 
[Mon 09/08/2025 18:33:41.72] Selected platforms: 1 
[Mon 09/08/2025 18:33:43.68] Executing: npm install 
[Mon 09/08/2025 18:33:43.68] Description: Installing dependencies 
The system cannot find the batch label specified - run_command
The process cannot access the file because it is being used by another process.
The process cannot access the file because it is being used by another process.
The process cannot access the file because it is being used by another process.
The process cannot access the file because it is being used by another process.
The process cannot access the file because it is being used by another process.
The process cannot access the file because it is being used by another process.
The process cannot access the file because it is being used by another process.
The process cannot access the file because it is being used by another process.
The process cannot access the file because it is being used by another process.
The process cannot access the file because it is being used by another process.
The process cannot access the file because it is being used by another process.
The process cannot access the file because it is being used by another process.
